<?xml version="1.0" encoding="UTF-8"?>
<!-- Generated by org.testng.reporters.JUnitXMLReporter -->
<testsuite ignored="0" hostname="CLLAP-CHN-0876" failures="0" tests="3" name="Default test" time="9.56" errors="0" timestamp="2022-01-09T15:59:57 IST">
  <testcase classname="com.fdp.selenium.legacy.DataProviderParallelTest" name="tc001" time="4.898"/>
  <testcase classname="com.fdp.selenium.legacy.DataProviderParallelTest" name="tc001" time="6.053"/>
  <testcase classname="com.fdp.selenium.legacy.DataProviderParallelTest" name="tc001" time="8.57"/>
</testsuite> <!-- Default test -->
