<?xml version="1.0" encoding="UTF-8"?>
<testng-results ignored="0" total="3" passed="3" failed="0" skipped="0">
  <reporter-output>
  </reporter-output>
  <suite started-at="2022-01-09T15:59:47 IST" name="Default suite" finished-at="2022-01-09T15:59:57 IST" duration-ms="9560">
    <groups>
    </groups>
    <test started-at="2022-01-09T15:59:47 IST" name="Default test" finished-at="2022-01-09T15:59:57 IST" duration-ms="9560">
      <class name="com.fdp.selenium.legacy.DataProviderParallelTest">
        <test-method signature="tc001(java.lang.String,java.lang.String,java.lang.String)[pri:0, instance:com.fdp.selenium.legacy.DataProviderParallelTest@27ff5d15]" started-at="2022-01-09T15:59:48 IST" name="tc001" data-provider="excel-data" finished-at="2022-01-09T15:59:53 IST" duration-ms="4898" status="PASS">
          <params>
            <param index="0">
              <value>
                <![CDATA[hari.radhakrishnan@qeagle.com]]>
              </value>
            </param>
            <param index="1">
              <value>
                <![CDATA[Qeagle@123]]>
              </value>
            </param>
            <param index="2">
              <value>
                <![CDATA[positive]]>
              </value>
            </param>
          </params>
          <reporter-output>
          </reporter-output>
        </test-method> <!-- tc001 -->
        <test-method signature="tc001(java.lang.String,java.lang.String,java.lang.String)[pri:0, instance:com.fdp.selenium.legacy.DataProviderParallelTest@27ff5d15]" started-at="2022-01-09T15:59:48 IST" name="tc001" data-provider="excel-data" finished-at="2022-01-09T15:59:54 IST" duration-ms="6053" status="PASS">
          <params>
            <param index="0">
              <value>
                <![CDATA[vamotest02@gmail.com]]>
              </value>
            </param>
            <param index="1">
              <value>
                <![CDATA[vamo@123]]>
              </value>
            </param>
            <param index="2">
              <value>
                <![CDATA[negative]]>
              </value>
            </param>
          </params>
          <reporter-output>
          </reporter-output>
        </test-method> <!-- tc001 -->
        <test-method signature="tc001(java.lang.String,java.lang.String,java.lang.String)[pri:0, instance:com.fdp.selenium.legacy.DataProviderParallelTest@27ff5d15]" started-at="2022-01-09T15:59:48 IST" name="tc001" data-provider="excel-data" finished-at="2022-01-09T15:59:57 IST" duration-ms="8570" status="PASS">
          <params>
            <param index="0">
              <value>
                <![CDATA[hari.radhakrishnan@qeagle.com]]>
              </value>
            </param>
            <param index="1">
              <value>
                <![CDATA[Qeagle@123]]>
              </value>
            </param>
            <param index="2">
              <value>
                <![CDATA[positive]]>
              </value>
            </param>
          </params>
          <reporter-output>
          </reporter-output>
        </test-method> <!-- tc001 -->
      </class> <!-- com.fdp.selenium.legacy.DataProviderParallelTest -->
    </test> <!-- Default test -->
  </suite> <!-- Default suite -->
</testng-results>
